#
# There is insufficient memory for the Java Runtime Environment to continue.
# Native memory allocation (mmap) failed to map 87031808 bytes for committing reserved memory.
# Possible reasons:
#   The system is out of physical RAM or swap space
#   In 32 bit mode, the process size limit was hit
# Possible solutions:
#   Reduce memory load on the system
#   Increase physical memory or swap space
#   Check if swap backing store is full
#   Use 64 bit Java on a 64 bit OS
#   Decrease Java heap size (-Xmx/-Xms)
#   Decrease number of Java threads
#   Decrease Java thread stack sizes (-Xss)
#   Set larger code cache with -XX:ReservedCodeCacheSize=
# This output file may be truncated or incomplete.
#
#  Out of Memory Error (os_linux.cpp:2640), pid=19731, tid=0x00007f12724d1700
#
# JRE version:  (8.0_181-b13) (build )
# Java VM: Java HotSpot(TM) 64-Bit Server VM (25.181-b13 mixed mode linux-amd64 compressed oops)
# Failed to write core dump. Core dumps have been disabled. To enable core dumping, try "ulimit -c unlimited" before starting Java again
#

---------------  T H R E A D  ---------------

Current thread (0x00007f126c00e800):  JavaThread "Unknown thread" [_thread_in_vm, id=19741, stack(0x00007f12723d1000,0x00007f12724d2000)]

Stack: [0x00007f12723d1000,0x00007f12724d2000],  sp=0x00007f12724d03c0,  free space=1020k
Native frames: (J=compiled Java code, j=interpreted, Vv=VM code, C=native code)
V  [libjvm.so+0xad21aa]  VMError::report_and_die()+0x2ba
V  [libjvm.so+0x5022db]  report_vm_out_of_memory(char const*, int, unsigned long, VMErrorType, char const*)+0x8b
V  [libjvm.so+0x92fe33]  os::Linux::commit_memory_impl(char*, unsigned long, bool)+0x123
V  [libjvm.so+0x930059]  os::pd_commit_memory(char*, unsigned long, unsigned long, bool)+0x29
V  [libjvm.so+0x9272ba]  os::commit_memory(char*, unsigned long, unsigned long, bool)+0x2a
V  [libjvm.so+0x99d2e3]  PSVirtualSpace::expand_by(unsigned long)+0x53
V  [libjvm.so+0x98d3f7]  PSOldGen::initialize(ReservedSpace, unsigned long, char const*, int)+0xb7
V  [libjvm.so+0x2dc1ea]  AdjoiningGenerations::AdjoiningGenerations(ReservedSpace, GenerationSizer*, unsigned long)+0x39a
V  [libjvm.so+0x951426]  ParallelScavengeHeap::initialize()+0x1d6
V  [libjvm.so+0xa9a1e3]  Universe::initialize_heap()+0xf3
V  [libjvm.so+0xa9a74e]  universe_init()+0x3e
V  [libjvm.so+0x644875]  init_globals()+0x65
V  [libjvm.so+0xa7eefe]  Threads::create_vm(JavaVMInitArgs*, bool*)+0x23e
V  [libjvm.so+0x6d8d74]  JNI_CreateJavaVM+0x74
C  [libjli.so+0x797e]  JavaMain+0x9e
C  [libpthread.so.0+0x76ba]  start_thread+0xca


---------------  P R O C E S S  ---------------

Java Threads: ( => current thread )

Other Threads:

=>0x00007f126c00e800 (exited) JavaThread "Unknown thread" [_thread_in_vm, id=19741, stack(0x00007f12723d1000,0x00007f12724d2000)]

VM state:not at safepoint (not fully initialized)

VM Mutex/Monitor currently owned by a thread: None

GC Heap History (0 events):
No events

Deoptimization events (0 events):
No events

Classes redefined (0 events):
No events

Internal exceptions (0 events):
No events

Events (0 events):
No events


Dynamic libraries:
00400000-00401000 r-xp 00000000 08:01 9836252                            /usr/lib/jvm/java-8-oracle/bin/java
00600000-00601000 rw-p 00000000 08:01 9836252                            /usr/lib/jvm/java-8-oracle/bin/java
00d9c000-00dbd000 rw-p 00000000 00:00 0                                  [heap]
c5300000-eab00000 ---p 00000000 00:00 0 
eab00000-ed400000 rw-p 00000000 00:00 0 
ed400000-100000000 ---p 00000000 00:00 0 
7f125b2cc000-7f125b557000 rw-p 00000000 00:00 0 
7f125b557000-7f125b6ac000 ---p 00000000 00:00 0 
7f125b6ac000-7f125b6c1000 rw-p 00000000 00:00 0 
7f125b6c1000-7f125b757000 ---p 00000000 00:00 0 
7f125b757000-7f125b762000 rw-p 00000000 00:00 0 
7f125b762000-7f125bb18000 ---p 00000000 00:00 0 
7f125bb18000-7f125bd88000 rwxp 00000000 00:00 0 
7f125bd88000-7f126ab18000 ---p 00000000 00:00 0 
7f126ab18000-7f126ab33000 r-xp 00000000 08:01 11279611                   /usr/lib/jvm/java-8-oracle/jre/lib/amd64/libzip.so
7f126ab33000-7f126ad33000 ---p 0001b000 08:01 11279611                   /usr/lib/jvm/java-8-oracle/jre/lib/amd64/libzip.so
7f126ad33000-7f126ad34000 rw-p 0001b000 08:01 11279611                   /usr/lib/jvm/java-8-oracle/jre/lib/amd64/libzip.so
7f126ad34000-7f126ad37000 r-xp 00000000 08:01 9701849                    /opt/pbis/lib/libuuid.so.0.0.0
7f126ad37000-7f126ae36000 ---p 00003000 08:01 9701849                    /opt/pbis/lib/libuuid.so.0.0.0
7f126ae36000-7f126ae37000 rw-p 00002000 08:01 9701849                    /opt/pbis/lib/libuuid.so.0.0.0
7f126ae37000-7f126aec3000 r-xp 00000000 08:01 9701845                    /opt/pbis/lib/liblwbase_nothr.so.0.0.0
7f126aec3000-7f126afc2000 ---p 0008c000 08:01 9701845                    /opt/pbis/lib/liblwbase_nothr.so.0.0.0
7f126afc2000-7f126afee000 rw-p 0008b000 08:01 9701845                    /opt/pbis/lib/liblwbase_nothr.so.0.0.0
7f126afee000-7f126aff0000 rw-p 00000000 00:00 0 
7f126aff0000-7f126b015000 r-xp 00000000 08:01 9701875                    /opt/pbis/lib/liblsacommon.so.0.0.0
7f126b015000-7f126b115000 ---p 00025000 08:01 9701875                    /opt/pbis/lib/liblsacommon.so.0.0.0
7f126b115000-7f126b121000 rw-p 00025000 08:01 9701875                    /opt/pbis/lib/liblsacommon.so.0.0.0
7f126b121000-7f126b14c000 r-xp 00000000 08:01 9701883                    /opt/pbis/lib/liblwadvapi_nothr.so.0.0.0
7f126b14c000-7f126b24b000 ---p 0002b000 08:01 9701883                    /opt/pbis/lib/liblwadvapi_nothr.so.0.0.0
7f126b24b000-7f126b254000 rw-p 0002a000 08:01 9701883                    /opt/pbis/lib/liblwadvapi_nothr.so.0.0.0
7f126b254000-7f126b272000 r-xp 00000000 08:01 9701841                    /opt/pbis/lib/liblwmsg_nothr.so.0.0.0
7f126b272000-7f126b371000 ---p 0001e000 08:01 9701841                    /opt/pbis/lib/liblwmsg_nothr.so.0.0.0
7f126b371000-7f126b374000 rw-p 0001d000 08:01 9701841                    /opt/pbis/lib/liblwmsg_nothr.so.0.0.0
7f126b374000-7f126b377000 r-xp 00000000 08:01 9701816                    /opt/pbis/lib/liblsaauth.so.0.0.0
7f126b377000-7f126b476000 ---p 00003000 08:01 9701816                    /opt/pbis/lib/liblsaauth.so.0.0.0
7f126b476000-7f126b477000 rw-p 00002000 08:01 9701816                    /opt/pbis/lib/liblsaauth.so.0.0.0
7f126b477000-7f126b493000 r-xp 00000000 08:01 9701889                    /opt/pbis/lib/liblsaclient.so.0.0.0
7f126b493000-7f126b593000 ---p 0001c000 08:01 9701889                    /opt/pbis/lib/liblsaclient.so.0.0.0
7f126b593000-7f126b594000 rw-p 0001c000 08:01 9701889                    /opt/pbis/lib/liblsaclient.so.0.0.0
7f126b594000-7f126b59f000 r-xp 00000000 08:01 12325569                   /lib/x86_64-linux-gnu/libnss_files-2.23.so
7f126b59f000-7f126b79e000 ---p 0000b000 08:01 12325569                   /lib/x86_64-linux-gnu/libnss_files-2.23.so
7f126b79e000-7f126b79f000 r--p 0000a000 08:01 12325569                   /lib/x86_64-linux-gnu/libnss_files-2.23.so
7f126b79f000-7f126b7a0000 rw-p 0000b000 08:01 12325569                   /lib/x86_64-linux-gnu/libnss_files-2.23.so
7f126b7a0000-7f126b7a6000 rw-p 00000000 00:00 0 
7f126b7a6000-7f126b7b1000 r-xp 00000000 08:01 12325579                   /lib/x86_64-linux-gnu/libnss_nis-2.23.so
7f126b7b1000-7f126b9b0000 ---p 0000b000 08:01 12325579                   /lib/x86_64-linux-gnu/libnss_nis-2.23.so
7f126b9b0000-7f126b9b1000 r--p 0000a000 08:01 12325579                   /lib/x86_64-linux-gnu/libnss_nis-2.23.so
7f126b9b1000-7f126b9b2000 rw-p 0000b000 08:01 12325579                   /lib/x86_64-linux-gnu/libnss_nis-2.23.so
7f126b9b2000-7f126b9c8000 r-xp 00000000 08:01 12325563                   /lib/x86_64-linux-gnu/libnsl-2.23.so
7f126b9c8000-7f126bbc7000 ---p 00016000 08:01 12325563                   /lib/x86_64-linux-gnu/libnsl-2.23.so
7f126bbc7000-7f126bbc8000 r--p 00015000 08:01 12325563                   /lib/x86_64-linux-gnu/libnsl-2.23.so
7f126bbc8000-7f126bbc9000 rw-p 00016000 08:01 12325563                   /lib/x86_64-linux-gnu/libnsl-2.23.so
7f126bbc9000-7f126bbcb000 rw-p 00000000 00:00 0 
7f126bbcb000-7f126bbd3000 r-xp 00000000 08:01 12325565                   /lib/x86_64-linux-gnu/libnss_compat-2.23.so
7f126bbd3000-7f126bdd2000 ---p 00008000 08:01 12325565                   /lib/x86_64-linux-gnu/libnss_compat-2.23.so
7f126bdd2000-7f126bdd3000 r--p 00007000 08:01 12325565                   /lib/x86_64-linux-gnu/libnss_compat-2.23.so
7f126bdd3000-7f126bdd4000 rw-p 00008000 08:01 12325565                   /lib/x86_64-linux-gnu/libnss_compat-2.23.so
7f126bdd4000-7f126bdff000 r-xp 00000000 08:01 11279605                   /usr/lib/jvm/java-8-oracle/jre/lib/amd64/libjava.so
7f126bdff000-7f126bffe000 ---p 0002b000 08:01 11279605                   /usr/lib/jvm/java-8-oracle/jre/lib/amd64/libjava.so
7f126bffe000-7f126c000000 rw-p 0002a000 08:01 11279605                   /usr/lib/jvm/java-8-oracle/jre/lib/amd64/libjava.so
7f126c000000-7f126c039000 rw-p 00000000 00:00 0 
7f126c039000-7f1270000000 ---p 00000000 00:00 0 
7f12700a1000-7f12700a6000 r-xp 00000000 08:01 12320850                   /lib/libnss_lsass.so.2
7f12700a6000-7f12701a6000 ---p 00005000 08:01 12320850                   /lib/libnss_lsass.so.2
7f12701a6000-7f12701a7000 rw-p 00005000 08:01 12320850                   /lib/libnss_lsass.so.2
7f12701a7000-7f12701b4000 r-xp 00000000 08:01 11279610                   /usr/lib/jvm/java-8-oracle/jre/lib/amd64/libverify.so
7f12701b4000-7f12703b4000 ---p 0000d000 08:01 11279610                   /usr/lib/jvm/java-8-oracle/jre/lib/amd64/libverify.so
7f12703b4000-7f12703b6000 rw-p 0000d000 08:01 11279610                   /usr/lib/jvm/java-8-oracle/jre/lib/amd64/libverify.so
7f12703b6000-7f12703bd000 r-xp 00000000 08:01 12325624                   /lib/x86_64-linux-gnu/librt-2.23.so
7f12703bd000-7f12705bc000 ---p 00007000 08:01 12325624                   /lib/x86_64-linux-gnu/librt-2.23.so
7f12705bc000-7f12705bd000 r--p 00006000 08:01 12325624                   /lib/x86_64-linux-gnu/librt-2.23.so
7f12705bd000-7f12705be000 rw-p 00007000 08:01 12325624                   /lib/x86_64-linux-gnu/librt-2.23.so
7f12705be000-7f12706c6000 r-xp 00000000 08:01 12325540                   /lib/x86_64-linux-gnu/libm-2.23.so
7f12706c6000-7f12708c5000 ---p 00108000 08:01 12325540                   /lib/x86_64-linux-gnu/libm-2.23.so
7f12708c5000-7f12708c6000 r--p 00107000 08:01 12325540                   /lib/x86_64-linux-gnu/libm-2.23.so
7f12708c6000-7f12708c7000 rw-p 00108000 08:01 12325540                   /lib/x86_64-linux-gnu/libm-2.23.so
7f12708c7000-7f12715a3000 r-xp 00000000 08:01 11279587                   /usr/lib/jvm/java-8-oracle/jre/lib/amd64/server/libjvm.so
7f12715a3000-7f12717a3000 ---p 00cdc000 08:01 11279587                   /usr/lib/jvm/java-8-oracle/jre/lib/amd64/server/libjvm.so
7f12717a3000-7f127187d000 rw-p 00cdc000 08:01 11279587                   /usr/lib/jvm/java-8-oracle/jre/lib/amd64/server/libjvm.so
7f127187d000-7f12718c8000 rw-p 00000000 00:00 0 
7f12718c8000-7f1271a88000 r-xp 00000000 08:01 12325470                   /lib/x86_64-linux-gnu/libc-2.23.so
7f1271a88000-7f1271c88000 ---p 001c0000 08:01 12325470                   /lib/x86_64-linux-gnu/libc-2.23.so
7f1271c88000-7f1271c8c000 r--p 001c0000 08:01 12325470                   /lib/x86_64-linux-gnu/libc-2.23.so
7f1271c8c000-7f1271c8e000 rw-p 001c4000 08:01 12325470                   /lib/x86_64-linux-gnu/libc-2.23.so
7f1271c8e000-7f1271c92000 rw-p 00000000 00:00 0 
7f1271c92000-7f1271c95000 r-xp 00000000 08:01 12325494                   /lib/x86_64-linux-gnu/libdl-2.23.so
7f1271c95000-7f1271e94000 ---p 00003000 08:01 12325494                   /lib/x86_64-linux-gnu/libdl-2.23.so
7f1271e94000-7f1271e95000 r--p 00002000 08:01 12325494                   /lib/x86_64-linux-gnu/libdl-2.23.so
7f1271e95000-7f1271e96000 rw-p 00003000 08:01 12325494                   /lib/x86_64-linux-gnu/libdl-2.23.so
7f1271e96000-7f1271eac000 r-xp 00000000 08:01 11028869                   /usr/lib/jvm/java-8-oracle/lib/amd64/jli/libjli.so
7f1271eac000-7f12720ab000 ---p 00016000 08:01 11028869                   /usr/lib/jvm/java-8-oracle/lib/amd64/jli/libjli.so
7f12720ab000-7f12720ac000 rw-p 00015000 08:01 11028869                   /usr/lib/jvm/java-8-oracle/lib/amd64/jli/libjli.so
7f12720ac000-7f12720c4000 r-xp 00000000 08:01 12325616                   /lib/x86_64-linux-gnu/libpthread-2.23.so
7f12720c4000-7f12722c3000 ---p 00018000 08:01 12325616                   /lib/x86_64-linux-gnu/libpthread-2.23.so
7f12722c3000-7f12722c4000 r--p 00017000 08:01 12325616                   /lib/x86_64-linux-gnu/libpthread-2.23.so
7f12722c4000-7f12722c5000 rw-p 00018000 08:01 12325616                   /lib/x86_64-linux-gnu/libpthread-2.23.so
7f12722c5000-7f12722c9000 rw-p 00000000 00:00 0 
7f12722c9000-7f12722ef000 r-xp 00000000 08:01 12325442                   /lib/x86_64-linux-gnu/ld-2.23.so
7f12723d1000-7f12723d4000 ---p 00000000 00:00 0 
7f12723d4000-7f12724d7000 rw-p 00000000 00:00 0 
7f12724e4000-7f12724ec000 rw-s 00000000 08:01 2763174                    /tmp/hsperfdata_FRAMGIA\nguyen.khanh.long/19731
7f12724ec000-7f12724ed000 rw-p 00000000 00:00 0 
7f12724ed000-7f12724ee000 r--p 00000000 00:00 0 
7f12724ee000-7f12724ef000 r--p 00025000 08:01 12325442                   /lib/x86_64-linux-gnu/ld-2.23.so
7f12724ef000-7f12724f0000 rw-p 00026000 08:01 12325442                   /lib/x86_64-linux-gnu/ld-2.23.so
7f12724f0000-7f12724f1000 rw-p 00000000 00:00 0 
7fffae572000-7fffae594000 rw-p 00000000 00:00 0                          [stack]
7fffae5ee000-7fffae5f1000 r--p 00000000 00:00 0                          [vvar]
7fffae5f1000-7fffae5f3000 r-xp 00000000 00:00 0                          [vdso]
ffffffffff600000-ffffffffff601000 r-xp 00000000 00:00 0                  [vsyscall]

VM Arguments:
jvm_args: -Djava.awt.headless=true -Xmx1024M -Dfile.encoding=UTF-8 -Duser.country=US -Duser.language=en -Duser.variant 
java_command: com.android.dx.command.Main --dex --num-threads=4 --output /home/nguyen.khanh.long/Source/AppGame/android/app/build/intermediates/pre-dexed/debug/infer-annotations-4.0_fbfa4195c2b0e764be99e1b38f804a95cf87f5ba.jar /home/nguyen.khanh.long/.android/build-cache/39671e9d37127759de4a49d79f4873100926665f/output/jars/libs/infer-annotations-4.0.jar
java_class_path (initial): /home/nguyen.khanh.long/Android/Sdk/build-tools/26.0.3/lib/dx.jar
Launcher Type: SUN_STANDARD

Environment Variables:
JAVA_HOME=/usr/lib/jvm/java-8-oracle
PATH=/home/nguyen.khanh.long/bin:/home/nguyen.khanh.long/.local/bin:/usr/local/sbin:/usr/local/bin:/usr/sbin:/usr/bin:/sbin:/bin:/usr/games:/usr/local/games:/snap/bin:/usr/lib/jvm/java-8-oracle/bin:/usr/lib/jvm/java-8-oracle/db/bin:/usr/lib/jvm/java-8-oracle/jre/bin
SHELL=/bin/bash
DISPLAY=:1

Signal Handlers:
SIGSEGV: [libjvm.so+0xad2a40], sa_mask[0]=11111111011111111101111111111110, sa_flags=SA_RESTART|SA_SIGINFO
SIGBUS: [libjvm.so+0xad2a40], sa_mask[0]=11111111011111111101111111111110, sa_flags=SA_RESTART|SA_SIGINFO
SIGFPE: [libjvm.so+0x92a610], sa_mask[0]=11111111011111111101111111111110, sa_flags=SA_RESTART|SA_SIGINFO
SIGPIPE: [libjvm.so+0x92a610], sa_mask[0]=11111111011111111101111111111110, sa_flags=SA_RESTART|SA_SIGINFO
SIGXFSZ: [libjvm.so+0x92a610], sa_mask[0]=11111111011111111101111111111110, sa_flags=SA_RESTART|SA_SIGINFO
SIGILL: [libjvm.so+0x92a610], sa_mask[0]=11111111011111111101111111111110, sa_flags=SA_RESTART|SA_SIGINFO
SIGUSR1: SIG_DFL, sa_mask[0]=00000000000000000000000000000000, sa_flags=none
SIGUSR2: [libjvm.so+0x92be70], sa_mask[0]=00100000000000000000000000000000, sa_flags=SA_RESTART|SA_SIGINFO
SIGHUP: SIG_DFL, sa_mask[0]=00000000000000000000000000000000, sa_flags=none
SIGINT: SIG_DFL, sa_mask[0]=00000000000000000000000000000000, sa_flags=none
SIGTERM: SIG_DFL, sa_mask[0]=00000000000000000000000000000000, sa_flags=none
SIGQUIT: SIG_DFL, sa_mask[0]=00000000000000000000000000000000, sa_flags=none


---------------  S Y S T E M  ---------------

OS:DISTRIB_ID=Ubuntu
DISTRIB_RELEASE=16.04
DISTRIB_CODENAME=xenial
DISTRIB_DESCRIPTION="Ubuntu 16.04.5 LTS"

uname:Linux 4.15.0-32-generic #35~16.04.1-Ubuntu SMP Fri Aug 10 21:54:34 UTC 2018 x86_64
libc:glibc 2.23 NPTL 2.23 
rlimit: STACK 8192k, CORE 0k, NPROC 31125, NOFILE 1048576, AS infinity
load average:1.97 1.41 1.58

/proc/meminfo:
MemTotal:        8027616 kB
MemFree:          106228 kB
MemAvailable:      16032 kB
Buffers:             736 kB
Cached:           964572 kB
SwapCached:          996 kB
Active:          6707852 kB
Inactive:         861864 kB
Active(anon):    6693116 kB
Inactive(anon):   837204 kB
Active(file):      14736 kB
Inactive(file):    24660 kB
Unevictable:          80 kB
Mlocked:              80 kB
SwapTotal:        999420 kB
SwapFree:              0 kB
Dirty:                36 kB
Writeback:             0 kB
AnonPages:       6604268 kB
Mapped:           282864 kB
Shmem:            925436 kB
Slab:             117860 kB
SReclaimable:      50012 kB
SUnreclaim:        67848 kB
KernelStack:       22448 kB
PageTables:       114664 kB
NFS_Unstable:          0 kB
Bounce:                0 kB
WritebackTmp:          0 kB
CommitLimit:     5013228 kB
Committed_AS:   20785896 kB
VmallocTotal:   34359738367 kB
VmallocUsed:           0 kB
VmallocChunk:          0 kB
HardwareCorrupted:     0 kB
AnonHugePages:    663552 kB
ShmemHugePages:        0 kB
ShmemPmdMapped:        0 kB
CmaTotal:              0 kB
CmaFree:               0 kB
HugePages_Total:       0
HugePages_Free:        0
HugePages_Rsvd:        0
HugePages_Surp:        0
Hugepagesize:       2048 kB
DirectMap4k:      301464 kB
DirectMap2M:     7946240 kB
DirectMap1G:     1048576 kB


CPU:total 4 (initial active 4) (4 cores per cpu, 1 threads per core) family 6 model 60 stepping 3, cmov, cx8, fxsr, mmx, sse, sse2, sse3, ssse3, sse4.1, sse4.2, popcnt, avx, avx2, aes, clmul, erms, lzcnt, tsc, tscinvbit, bmi1, bmi2

/proc/cpuinfo:
processor	: 0
vendor_id	: GenuineIntel
cpu family	: 6
model		: 60
model name	: Intel(R) Core(TM) i5-4460  CPU @ 3.20GHz
stepping	: 3
microcode	: 0x24
cpu MHz		: 3219.038
cache size	: 6144 KB
physical id	: 0
siblings	: 4
core id		: 0
cpu cores	: 4
apicid		: 0
initial apicid	: 0
fpu		: yes
fpu_exception	: yes
cpuid level	: 13
wp		: yes
flags		: fpu vme de pse tsc msr pae mce cx8 apic sep mtrr pge mca cmov pat pse36 clflush dts acpi mmx fxsr sse sse2 ss ht tm pbe syscall nx pdpe1gb rdtscp lm constant_tsc arch_perfmon pebs bts rep_good nopl xtopology nonstop_tsc cpuid aperfmperf pni pclmulqdq dtes64 monitor ds_cpl vmx est tm2 ssse3 sdbg fma cx16 xtpr pdcm pcid sse4_1 sse4_2 x2apic movbe popcnt tsc_deadline_timer aes xsave avx f16c rdrand lahf_lm abm cpuid_fault invpcid_single pti ibrs ibpb stibp tpr_shadow vnmi flexpriority ept vpid fsgsbase tsc_adjust bmi1 avx2 smep bmi2 erms invpcid xsaveopt dtherm ida arat pln pts
bugs		: cpu_meltdown spectre_v1 spectre_v2 spec_store_bypass l1tf
bogomips	: 6400.12
clflush size	: 64
cache_alignment	: 64
address sizes	: 39 bits physical, 48 bits virtual
power management:

processor	: 1
vendor_id	: GenuineIntel
cpu family	: 6
model		: 60
model name	: Intel(R) Core(TM) i5-4460  CPU @ 3.20GHz
stepping	: 3
microcode	: 0x24
cpu MHz		: 3209.439
cache size	: 6144 KB
physical id	: 0
siblings	: 4
core id		: 1
cpu cores	: 4
apicid		: 2
initial apicid	: 2
fpu		: yes
fpu_exception	: yes
cpuid level	: 13
wp		: yes
flags		: fpu vme de pse tsc msr pae mce cx8 apic sep mtrr pge mca cmov pat pse36 clflush dts acpi mmx fxsr sse sse2 ss ht tm pbe syscall nx pdpe1gb rdtscp lm constant_tsc arch_perfmon pebs bts rep_good nopl xtopology nonstop_tsc cpuid aperfmperf pni pclmulqdq dtes64 monitor ds_cpl vmx est tm2 ssse3 sdbg fma cx16 xtpr pdcm pcid sse4_1 sse4_2 x2apic movbe popcnt tsc_deadline_timer aes xsave avx f16c rdrand lahf_lm abm cpuid_fault invpcid_single pti ibrs ibpb stibp tpr_shadow vnmi flexpriority ept vpid fsgsbase tsc_adjust bmi1 avx2 smep bmi2 erms invpcid xsaveopt dtherm ida arat pln pts
bugs		: cpu_meltdown spectre_v1 spectre_v2 spec_store_bypass l1tf
bogomips	: 6400.12
clflush size	: 64
cache_alignment	: 64
address sizes	: 39 bits physical, 48 bits virtual
power management:

processor	: 2
vendor_id	: GenuineIntel
cpu family	: 6
model		: 60
model name	: Intel(R) Core(TM) i5-4460  CPU @ 3.20GHz
stepping	: 3
microcode	: 0x24
cpu MHz		: 3224.273
cache size	: 6144 KB
physical id	: 0
siblings	: 4
core id		: 2
cpu cores	: 4
apicid		: 4
initial apicid	: 4
fpu		: yes
fpu_exception	: yes
cpuid level	: 13
wp		: yes
flags		: fpu vme de pse tsc msr pae mce cx8 apic sep mtrr pge mca cmov pat pse36 clflush dts acpi mmx fxsr sse sse2 ss ht tm pbe syscall nx pdpe1gb rdtscp lm constant_tsc arch_perfmon pebs bts rep_good nopl xtopology nonstop_tsc cpuid aperfmperf pni pclmulqdq dtes64 monitor ds_cpl vmx est tm2 ssse3 sdbg fma cx16 xtpr pdcm pcid sse4_1 sse4_2 x2apic movbe popcnt tsc_deadline_timer aes xsave avx f16c rdrand lahf_lm abm cpuid_fault invpcid_single pti ibrs ibpb stibp tpr_shadow vnmi flexpriority ept vpid fsgsbase tsc_adjust bmi1 avx2 smep bmi2 erms invpcid xsaveopt dtherm ida arat pln pts
bugs		: cpu_meltdown spectre_v1 spectre_v2 spec_store_bypass l1tf
bogomips	: 6400.12
clflush size	: 64
cache_alignment	: 64
address sizes	: 39 bits physical, 48 bits virtual
power management:

processor	: 3
vendor_id	: GenuineIntel
cpu family	: 6
model		: 60
model name	: Intel(R) Core(TM) i5-4460  CPU @ 3.20GHz
stepping	: 3
microcode	: 0x24
cpu MHz		: 3217.795
cache size	: 6144 KB
physical id	: 0
siblings	: 4
core id		: 3
cpu cores	: 4
apicid		: 6
initial apicid	: 6
fpu		: yes
fpu_exception	: yes
cpuid level	: 13
wp		: yes
flags		: fpu vme de pse tsc msr pae mce cx8 apic sep mtrr pge mca cmov pat pse36 clflush dts acpi mmx fxsr sse sse2 ss ht tm pbe syscall nx pdpe1gb rdtscp lm constant_tsc arch_perfmon pebs bts rep_good nopl xtopology nonstop_tsc cpuid aperfmperf pni pclmulqdq dtes64 monitor ds_cpl vmx est tm2 ssse3 sdbg fma cx16 xtpr pdcm pcid sse4_1 sse4_2 x2apic movbe popcnt tsc_deadline_timer aes xsave avx f16c rdrand lahf_lm abm cpuid_fault invpcid_single pti ibrs ibpb stibp tpr_shadow vnmi flexpriority ept vpid fsgsbase tsc_adjust bmi1 avx2 smep bmi2 erms invpcid xsaveopt dtherm ida arat pln pts
bugs		: cpu_meltdown spectre_v1 spectre_v2 spec_store_bypass l1tf
bogomips	: 6400.12
clflush size	: 64
cache_alignment	: 64
address sizes	: 39 bits physical, 48 bits virtual
power management:



Memory: 4k page, physical 8027616k(105608k free), swap 999420k(0k free)

vm_info: Java HotSpot(TM) 64-Bit Server VM (25.181-b13) for linux-amd64 JRE (1.8.0_181-b13), built on Jul  7 2018 00:56:38 by "java_re" with gcc 4.3.0 20080428 (Red Hat 4.3.0-8)

time: Fri Aug 17 11:18:00 2018
elapsed time: 0 seconds (0d 0h 0m 0s)

